<?xml version="1.0" encoding="UTF-8"?>
<!-- Generated by org.testng.reporters.JUnitReportReporter -->
<testsuite hostname="ATUL-PC" failures="0" tests="1" name="testCases.TC001_AccountRegistration" time="17.345" errors="0" timestamp="2022-05-03T14:13:01 IST" skipped="0">
  <testcase classname="testCases.TC001_AccountRegistration" name="testAccountRegister" time="17.345"/>
  <system-out/>
</testsuite> <!-- testCases.TC001_AccountRegistration -->
